[23-Jan-2024 09:48:32 UTC] PHP Parse error:  syntax error, unexpected token "echo" in C:\Users\Cofran\Local Sites\university-template\app\public\test.php on line 1
[23-Jan-2024 11:05:25 UTC] PHP Fatal error:  Uncaught ArgumentCountError: get_headers() expects at least 1 argument, 0 given in C:\Users\Cofran\Local Sites\university-template\app\public\wp-content\themes\UniversityTheme\index.php:1
Stack trace:
#0 C:\Users\Cofran\Local Sites\university-template\app\public\wp-content\themes\UniversityTheme\index.php(1): get_headers()
#1 C:\Users\Cofran\Local Sites\university-template\app\public\wp-includes\template-loader.php(106): include('C:\\Users\\Cofran...')
#2 C:\Users\Cofran\Local Sites\university-template\app\public\wp-blog-header.php(19): require_once('C:\\Users\\Cofran...')
#3 C:\Users\Cofran\Local Sites\university-template\app\public\index.php(17): require('C:\\Users\\Cofran...')
#4 {main}
  thrown in C:\Users\Cofran\Local Sites\university-template\app\public\wp-content\themes\UniversityTheme\index.php on line 1
[23-Jan-2024 11:36:33 UTC] PHP Fatal error:  Uncaught Error: Call to undefined function add_actions() in C:\Users\Cofran\Local Sites\university-template\app\public\wp-content\themes\UniversityTheme\functions.php:7
Stack trace:
#0 C:\Users\Cofran\Local Sites\university-template\app\public\wp-settings.php(611): include()
#1 C:\Users\Cofran\Local Sites\university-template\app\public\wp-config.php(83): require_once('C:\\Users\\Cofran...')
#2 C:\Users\Cofran\Local Sites\university-template\app\public\wp-load.php(50): require_once('C:\\Users\\Cofran...')
#3 C:\Users\Cofran\Local Sites\university-template\app\public\wp-blog-header.php(13): require_once('C:\\Users\\Cofran...')
#4 C:\Users\Cofran\Local Sites\university-template\app\public\index.php(17): require('C:\\Users\\Cofran...')
#5 {main}
  thrown in C:\Users\Cofran\Local Sites\university-template\app\public\wp-content\themes\UniversityTheme\functions.php on line 7
[23-Jan-2024 11:36:33 UTC] PHP Fatal error:  Uncaught Error: Call to undefined function add_actions() in C:\Users\Cofran\Local Sites\university-template\app\public\wp-content\themes\UniversityTheme\functions.php:7
Stack trace:
#0 C:\Users\Cofran\Local Sites\university-template\app\public\wp-settings.php(611): include()
#1 C:\Users\Cofran\Local Sites\university-template\app\public\wp-config.php(83): require_once('C:\\Users\\Cofran...')
#2 C:\Users\Cofran\Local Sites\university-template\app\public\wp-load.php(50): require_once('C:\\Users\\Cofran...')
#3 C:\Users\Cofran\Local Sites\university-template\app\public\wp-blog-header.php(13): require_once('C:\\Users\\Cofran...')
#4 C:\Users\Cofran\Local Sites\university-template\app\public\index.php(17): require('C:\\Users\\Cofran...')
#5 {main}
  thrown in C:\Users\Cofran\Local Sites\university-template\app\public\wp-content\themes\UniversityTheme\functions.php on line 7
[23-Jan-2024 11:36:49 UTC] PHP Fatal error:  Uncaught Error: Call to undefined function add_actions() in C:\Users\Cofran\Local Sites\university-template\app\public\wp-content\themes\UniversityTheme\functions.php:7
Stack trace:
#0 C:\Users\Cofran\Local Sites\university-template\app\public\wp-settings.php(611): include()
#1 C:\Users\Cofran\Local Sites\university-template\app\public\wp-config.php(83): require_once('C:\\Users\\Cofran...')
#2 C:\Users\Cofran\Local Sites\university-template\app\public\wp-load.php(50): require_once('C:\\Users\\Cofran...')
#3 C:\Users\Cofran\Local Sites\university-template\app\public\wp-blog-header.php(13): require_once('C:\\Users\\Cofran...')
#4 C:\Users\Cofran\Local Sites\university-template\app\public\index.php(17): require('C:\\Users\\Cofran...')
#5 {main}
  thrown in C:\Users\Cofran\Local Sites\university-template\app\public\wp-content\themes\UniversityTheme\functions.php on line 7
[23-Jan-2024 11:36:49 UTC] PHP Fatal error:  Uncaught Error: Call to undefined function add_actions() in C:\Users\Cofran\Local Sites\university-template\app\public\wp-content\themes\UniversityTheme\functions.php:7
Stack trace:
#0 C:\Users\Cofran\Local Sites\university-template\app\public\wp-settings.php(611): include()
#1 C:\Users\Cofran\Local Sites\university-template\app\public\wp-config.php(83): require_once('C:\\Users\\Cofran...')
#2 C:\Users\Cofran\Local Sites\university-template\app\public\wp-load.php(50): require_once('C:\\Users\\Cofran...')
#3 C:\Users\Cofran\Local Sites\university-template\app\public\wp-blog-header.php(13): require_once('C:\\Users\\Cofran...')
#4 C:\Users\Cofran\Local Sites\university-template\app\public\index.php(17): require('C:\\Users\\Cofran...')
#5 {main}
  thrown in C:\Users\Cofran\Local Sites\university-template\app\public\wp-content\themes\UniversityTheme\functions.php on line 7
[23-Jan-2024 11:37:23 UTC] PHP Fatal error:  Uncaught Error: Call to undefined function add_actions() in C:\Users\Cofran\Local Sites\university-template\app\public\wp-content\themes\UniversityTheme\functions.php:7
Stack trace:
#0 C:\Users\Cofran\Local Sites\university-template\app\public\wp-settings.php(611): include()
#1 C:\Users\Cofran\Local Sites\university-template\app\public\wp-config.php(83): require_once('C:\\Users\\Cofran...')
#2 C:\Users\Cofran\Local Sites\university-template\app\public\wp-load.php(50): require_once('C:\\Users\\Cofran...')
#3 C:\Users\Cofran\Local Sites\university-template\app\public\wp-blog-header.php(13): require_once('C:\\Users\\Cofran...')
#4 C:\Users\Cofran\Local Sites\university-template\app\public\index.php(17): require('C:\\Users\\Cofran...')
#5 {main}
  thrown in C:\Users\Cofran\Local Sites\university-template\app\public\wp-content\themes\UniversityTheme\functions.php on line 7
[23-Jan-2024 11:37:23 UTC] PHP Fatal error:  Uncaught Error: Call to undefined function add_actions() in C:\Users\Cofran\Local Sites\university-template\app\public\wp-content\themes\UniversityTheme\functions.php:7
Stack trace:
#0 C:\Users\Cofran\Local Sites\university-template\app\public\wp-settings.php(611): include()
#1 C:\Users\Cofran\Local Sites\university-template\app\public\wp-config.php(83): require_once('C:\\Users\\Cofran...')
#2 C:\Users\Cofran\Local Sites\university-template\app\public\wp-load.php(50): require_once('C:\\Users\\Cofran...')
#3 C:\Users\Cofran\Local Sites\university-template\app\public\wp-blog-header.php(13): require_once('C:\\Users\\Cofran...')
#4 C:\Users\Cofran\Local Sites\university-template\app\public\index.php(17): require('C:\\Users\\Cofran...')
#5 {main}
  thrown in C:\Users\Cofran\Local Sites\university-template\app\public\wp-content\themes\UniversityTheme\functions.php on line 7
[23-Jan-2024 11:38:40 UTC] PHP Fatal error:  Uncaught Error: Call to undefined function get_head() in C:\Users\Cofran\Local Sites\university-template\app\public\wp-content\themes\UniversityTheme\header.php:5
Stack trace:
#0 C:\Users\Cofran\Local Sites\university-template\app\public\wp-includes\template.php(790): require_once()
#1 C:\Users\Cofran\Local Sites\university-template\app\public\wp-includes\template.php(725): load_template('C:\\Users\\Cofran...', true, Array)
#2 C:\Users\Cofran\Local Sites\university-template\app\public\wp-includes\general-template.php(48): locate_template(Array, true, true, Array)
#3 C:\Users\Cofran\Local Sites\university-template\app\public\wp-content\themes\UniversityTheme\index.php(1): get_header()
#4 C:\Users\Cofran\Local Sites\university-template\app\public\wp-includes\template-loader.php(106): include('C:\\Users\\Cofran...')
#5 C:\Users\Cofran\Local Sites\university-template\app\public\wp-blog-header.php(19): require_once('C:\\Users\\Cofran...')
#6 C:\Users\Cofran\Local Sites\university-template\app\public\index.php(17): require('C:\\Users\\Cofran...')
#7 {main}
  thrown in C:\Users\Cofran\Local Sites\university-template\app\public\wp-content\themes\UniversityTheme\header.php on line 5
[23-Jan-2024 11:38:40 UTC] PHP Fatal error:  Uncaught Error: Call to undefined function get_head() in C:\Users\Cofran\Local Sites\university-template\app\public\wp-content\themes\UniversityTheme\header.php:5
Stack trace:
#0 C:\Users\Cofran\Local Sites\university-template\app\public\wp-includes\template.php(790): require_once()
#1 C:\Users\Cofran\Local Sites\university-template\app\public\wp-includes\template.php(725): load_template('C:\\Users\\Cofran...', true, Array)
#2 C:\Users\Cofran\Local Sites\university-template\app\public\wp-includes\general-template.php(48): locate_template(Array, true, true, Array)
#3 C:\Users\Cofran\Local Sites\university-template\app\public\wp-content\themes\UniversityTheme\index.php(1): get_header()
#4 C:\Users\Cofran\Local Sites\university-template\app\public\wp-includes\template-loader.php(106): include('C:\\Users\\Cofran...')
#5 C:\Users\Cofran\Local Sites\university-template\app\public\wp-blog-header.php(19): require_once('C:\\Users\\Cofran...')
#6 C:\Users\Cofran\Local Sites\university-template\app\public\index.php(17): require('C:\\Users\\Cofran...')
#7 {main}
  thrown in C:\Users\Cofran\Local Sites\university-template\app\public\wp-content\themes\UniversityTheme\header.php on line 5
[02-Feb-2024 19:27:10 UTC] PHP Parse error:  syntax error, unexpected token ";", expecting ")" in C:\Users\Cofran\Local Sites\university-template\app\public\wp-content\themes\UniversityTheme\functions.php on line 5
[02-Feb-2024 19:27:10 UTC] PHP Parse error:  syntax error, unexpected token ";", expecting ")" in C:\Users\Cofran\Local Sites\university-template\app\public\wp-content\themes\UniversityTheme\functions.php on line 5
[04-Feb-2024 16:40:31 UTC] PHP Parse error:  syntax error, unexpected end of file in C:\Users\Cofran\Local Sites\university-template\app\public\wp-content\themes\UniversityTheme\functions.php on line 18
[04-Feb-2024 16:40:31 UTC] PHP Parse error:  syntax error, unexpected end of file in C:\Users\Cofran\Local Sites\university-template\app\public\wp-content\themes\UniversityTheme\functions.php on line 18
[20-Aug-2024 11:01:41 UTC] PHP Warning:  Attempt to read property "title" on null in C:\Users\Cofran\Local Sites\university-template\app\public\wp-includes\class-wp-customize-widgets.php on line 905
[20-Aug-2024 11:25:43 UTC] PHP Fatal error:  Uncaught Error: Call to undefined function sum() in C:\Users\Cofran\Local Sites\university-template\app\public\wp-content\themes\UniversityTheme\index.php:19
Stack trace:
#0 C:\Users\Cofran\Local Sites\university-template\app\public\wp-includes\template-loader.php(106): include()
#1 C:\Users\Cofran\Local Sites\university-template\app\public\wp-blog-header.php(19): require_once('C:\\Users\\Cofran...')
#2 C:\Users\Cofran\Local Sites\university-template\app\public\index.php(17): require('C:\\Users\\Cofran...')
#3 {main}
  thrown in C:\Users\Cofran\Local Sites\university-template\app\public\wp-content\themes\UniversityTheme\index.php on line 19
[20-Aug-2024 11:27:11 UTC] PHP Fatal error:  Uncaught Error: Call to undefined function sum() in C:\Users\Cofran\Local Sites\university-template\app\public\wp-content\themes\UniversityTheme\index.php:19
Stack trace:
#0 C:\Users\Cofran\Local Sites\university-template\app\public\wp-includes\template-loader.php(106): include()
#1 C:\Users\Cofran\Local Sites\university-template\app\public\wp-blog-header.php(19): require_once('C:\\Users\\Cofran...')
#2 C:\Users\Cofran\Local Sites\university-template\app\public\index.php(17): require('C:\\Users\\Cofran...')
#3 {main}
  thrown in C:\Users\Cofran\Local Sites\university-template\app\public\wp-content\themes\UniversityTheme\index.php on line 19
[20-Aug-2024 11:27:17 UTC] PHP Fatal error:  Uncaught Error: Call to undefined function sum() in C:\Users\Cofran\Local Sites\university-template\app\public\wp-content\themes\UniversityTheme\index.php:19
Stack trace:
#0 C:\Users\Cofran\Local Sites\university-template\app\public\wp-includes\template-loader.php(106): include()
#1 C:\Users\Cofran\Local Sites\university-template\app\public\wp-blog-header.php(19): require_once('C:\\Users\\Cofran...')
#2 C:\Users\Cofran\Local Sites\university-template\app\public\index.php(17): require('C:\\Users\\Cofran...')
#3 {main}
  thrown in C:\Users\Cofran\Local Sites\university-template\app\public\wp-content\themes\UniversityTheme\index.php on line 19
[20-Aug-2024 11:27:33 UTC] PHP Fatal error:  Uncaught Error: Undefined constant "joan" in C:\Users\Cofran\Local Sites\university-template\app\public\wp-content\themes\UniversityTheme\index.php:45
Stack trace:
#0 C:\Users\Cofran\Local Sites\university-template\app\public\wp-includes\template-loader.php(106): include()
#1 C:\Users\Cofran\Local Sites\university-template\app\public\wp-blog-header.php(19): require_once('C:\\Users\\Cofran...')
#2 C:\Users\Cofran\Local Sites\university-template\app\public\index.php(17): require('C:\\Users\\Cofran...')
#3 {main}
  thrown in C:\Users\Cofran\Local Sites\university-template\app\public\wp-content\themes\UniversityTheme\index.php on line 45
[20-Aug-2024 11:27:43 UTC] PHP Fatal error:  Uncaught Error: Undefined constant "joan" in C:\Users\Cofran\Local Sites\university-template\app\public\wp-content\themes\UniversityTheme\index.php:45
Stack trace:
#0 C:\Users\Cofran\Local Sites\university-template\app\public\wp-includes\template-loader.php(106): include()
#1 C:\Users\Cofran\Local Sites\university-template\app\public\wp-blog-header.php(19): require_once('C:\\Users\\Cofran...')
#2 C:\Users\Cofran\Local Sites\university-template\app\public\index.php(17): require('C:\\Users\\Cofran...')
#3 {main}
  thrown in C:\Users\Cofran\Local Sites\university-template\app\public\wp-content\themes\UniversityTheme\index.php on line 45
[20-Aug-2024 11:27:44 UTC] PHP Fatal error:  Uncaught Error: Undefined constant "joan" in C:\Users\Cofran\Local Sites\university-template\app\public\wp-content\themes\UniversityTheme\index.php:45
Stack trace:
#0 C:\Users\Cofran\Local Sites\university-template\app\public\wp-includes\template-loader.php(106): include()
#1 C:\Users\Cofran\Local Sites\university-template\app\public\wp-blog-header.php(19): require_once('C:\\Users\\Cofran...')
#2 C:\Users\Cofran\Local Sites\university-template\app\public\index.php(17): require('C:\\Users\\Cofran...')
#3 {main}
  thrown in C:\Users\Cofran\Local Sites\university-template\app\public\wp-content\themes\UniversityTheme\index.php on line 45
[20-Aug-2024 11:27:45 UTC] PHP Fatal error:  Uncaught Error: Undefined constant "joan" in C:\Users\Cofran\Local Sites\university-template\app\public\wp-content\themes\UniversityTheme\index.php:45
Stack trace:
#0 C:\Users\Cofran\Local Sites\university-template\app\public\wp-includes\template-loader.php(106): include()
#1 C:\Users\Cofran\Local Sites\university-template\app\public\wp-blog-header.php(19): require_once('C:\\Users\\Cofran...')
#2 C:\Users\Cofran\Local Sites\university-template\app\public\index.php(17): require('C:\\Users\\Cofran...')
#3 {main}
  thrown in C:\Users\Cofran\Local Sites\university-template\app\public\wp-content\themes\UniversityTheme\index.php on line 45
[20-Aug-2024 11:29:00 UTC] PHP Fatal error:  Uncaught TypeError: Unsupported operand types: string + string in C:\Users\Cofran\Local Sites\university-template\app\public\wp-content\themes\UniversityTheme\index.php:4
Stack trace:
#0 C:\Users\Cofran\Local Sites\university-template\app\public\wp-content\themes\UniversityTheme\index.php(45): nameAndColor('joan', 'green')
#1 C:\Users\Cofran\Local Sites\university-template\app\public\wp-includes\template-loader.php(106): include('C:\\Users\\Cofran...')
#2 C:\Users\Cofran\Local Sites\university-template\app\public\wp-blog-header.php(19): require_once('C:\\Users\\Cofran...')
#3 C:\Users\Cofran\Local Sites\university-template\app\public\index.php(17): require('C:\\Users\\Cofran...')
#4 {main}
  thrown in C:\Users\Cofran\Local Sites\university-template\app\public\wp-content\themes\UniversityTheme\index.php on line 4
[20-Aug-2024 11:56:21 UTC] PHP Warning:  Attempt to read property "title" on null in C:\Users\Cofran\Local Sites\university-template\app\public\wp-includes\class-wp-customize-widgets.php on line 905
[20-Aug-2024 20:39:10 UTC] PHP Warning:  Attempt to read property "title" on null in C:\Users\Cofran\Local Sites\university-template\app\public\wp-includes\class-wp-customize-widgets.php on line 905
[20-Aug-2024 21:27:18 UTC] PHP Warning:  Undefined array key "host" in C:\Users\Cofran\Local Sites\university-template\app\public\wp-includes\canonical.php on line 717
[20-Aug-2024 21:27:18 UTC] PHP Warning:  Undefined array key "scheme" in C:\Users\Cofran\Local Sites\university-template\app\public\wp-includes\canonical.php on line 751
[20-Aug-2024 21:27:18 UTC] PHP Warning:  Undefined array key "host" in C:\Users\Cofran\Local Sites\university-template\app\public\wp-includes\canonical.php on line 716
[20-Aug-2024 21:27:18 UTC] PHP Warning:  Undefined array key "host" in C:\Users\Cofran\Local Sites\university-template\app\public\wp-includes\canonical.php on line 717
[20-Aug-2024 21:27:18 UTC] PHP Warning:  Undefined array key "host" in C:\Users\Cofran\Local Sites\university-template\app\public\wp-includes\canonical.php on line 727
[20-Aug-2024 21:27:18 UTC] PHP Warning:  Undefined array key "host" in C:\Users\Cofran\Local Sites\university-template\app\public\wp-includes\canonical.php on line 730
[20-Aug-2024 21:27:18 UTC] PHP Warning:  Undefined array key "scheme" in C:\Users\Cofran\Local Sites\university-template\app\public\wp-includes\canonical.php on line 751
[20-Aug-2024 22:35:15 UTC] PHP Fatal error:  Uncaught Error: Call to undefined function get_header() in C:\Users\Cofran\Local Sites\university-template\app\public\wp-content\themes\UniversityTheme\index.php:1
Stack trace:
#0 {main}
  thrown in C:\Users\Cofran\Local Sites\university-template\app\public\wp-content\themes\UniversityTheme\index.php on line 1
[20-Aug-2024 22:36:03 UTC] PHP Fatal error:  Uncaught Error: Call to undefined function get_header() in C:\Users\Cofran\Local Sites\university-template\app\public\wp-content\themes\UniversityTheme\index.php:1
Stack trace:
#0 {main}
  thrown in C:\Users\Cofran\Local Sites\university-template\app\public\wp-content\themes\UniversityTheme\index.php on line 1
[21-Aug-2024 06:36:50 UTC] PHP Warning:  Array to string conversion in C:\Users\Cofran\Local Sites\university-template\app\public\wp-content\themes\UniversityTheme\page.php on line 62
[21-Aug-2024 06:36:58 UTC] PHP Warning:  Array to string conversion in C:\Users\Cofran\Local Sites\university-template\app\public\wp-content\themes\UniversityTheme\page.php on line 62
[21-Aug-2024 06:38:28 UTC] PHP Warning:  Array to string conversion in C:\Users\Cofran\Local Sites\university-template\app\public\wp-content\themes\UniversityTheme\page.php on line 62
[21-Aug-2024 06:46:03 UTC] PHP Fatal error:  Allowed memory size of 268435456 bytes exhausted (tried to allocate 268435464 bytes) in C:\Users\Cofran\Local Sites\university-template\app\public\wp-content\themes\UniversityTheme\page.php on line 56
[21-Aug-2024 06:50:30 UTC] PHP Warning:  Undefined variable $result in C:\Users\Cofran\Local Sites\university-template\app\public\wp-content\themes\UniversityTheme\page.php on line 40
[21-Aug-2024 06:57:23 UTC] PHP Parse error:  syntax error, unexpected token ";", expecting ")" in C:\Users\Cofran\Local Sites\university-template\app\public\wp-content\themes\UniversityTheme\page.php on line 41
[21-Aug-2024 10:46:10 UTC] PHP Parse error:  syntax error, unexpected token ")" in C:\Users\Cofran\Local Sites\university-template\app\public\wp-content\themes\UniversityTheme\page.php on line 48
[21-Aug-2024 10:55:18 UTC] PHP Warning:  Undefined array key 0 in C:\Users\Cofran\Local Sites\university-template\app\public\wp-content\themes\UniversityTheme\page.php on line 45
[21-Aug-2024 10:55:21 UTC] PHP Warning:  Undefined array key 0 in C:\Users\Cofran\Local Sites\university-template\app\public\wp-content\themes\UniversityTheme\page.php on line 45
[21-Aug-2024 10:55:45 UTC] PHP Warning:  Array to string conversion in C:\Users\Cofran\Local Sites\university-template\app\public\wp-content\themes\UniversityTheme\page.php on line 45
[21-Aug-2024 10:56:05 UTC] PHP Warning:  Undefined array key 1 in C:\Users\Cofran\Local Sites\university-template\app\public\wp-content\themes\UniversityTheme\page.php on line 45
[21-Aug-2024 10:56:12 UTC] PHP Warning:  Undefined array key 0 in C:\Users\Cofran\Local Sites\university-template\app\public\wp-content\themes\UniversityTheme\page.php on line 45
[21-Aug-2024 10:56:48 UTC] PHP Warning:  Undefined array key 0 in C:\Users\Cofran\Local Sites\university-template\app\public\wp-content\themes\UniversityTheme\page.php on line 45
[21-Aug-2024 10:58:04 UTC] PHP Warning:  Undefined array key 0 in C:\Users\Cofran\Local Sites\university-template\app\public\wp-content\themes\UniversityTheme\page.php on line 45
[21-Aug-2024 10:58:11 UTC] PHP Warning:  Undefined array key 0 in C:\Users\Cofran\Local Sites\university-template\app\public\wp-content\themes\UniversityTheme\page.php on line 45
[21-Aug-2024 11:01:29 UTC] PHP Parse error:  syntax error, unexpected token "if" in C:\Users\Cofran\Local Sites\university-template\app\public\wp-content\themes\UniversityTheme\page.php on line 46
[21-Aug-2024 11:01:32 UTC] PHP Parse error:  syntax error, unexpected token "if" in C:\Users\Cofran\Local Sites\university-template\app\public\wp-content\themes\UniversityTheme\page.php on line 46
[21-Aug-2024 11:04:43 UTC] PHP Warning:  Undefined variable $hasChild in C:\Users\Cofran\Local Sites\university-template\app\public\wp-content\themes\UniversityTheme\page.php on line 46
[21-Aug-2024 11:04:50 UTC] PHP Warning:  Undefined variable $hasChild in C:\Users\Cofran\Local Sites\university-template\app\public\wp-content\themes\UniversityTheme\page.php on line 46
[21-Aug-2024 11:04:52 UTC] PHP Warning:  Undefined variable $hasChild in C:\Users\Cofran\Local Sites\university-template\app\public\wp-content\themes\UniversityTheme\page.php on line 46
